{"C:\\Users\\Nishant\\CS482-Project\\App.js": {"path":"C:\\Users\\Nishant\\CS482-Project\\App.js","statementMap":{"0":{"start":{"line":2,"column":13},"end":{"line":2,"column":28}},"1":{"start":{"line":3,"column":16},"end":{"line":3,"column":34}},"2":{"start":{"line":4,"column":15},"end":{"line":4,"column":32}},"3":{"start":{"line":5,"column":16},"end":{"line":5,"column":42}},"4":{"start":{"line":6,"column":13},"end":{"line":6,"column":28}},"5":{"start":{"line":7,"column":20},"end":{"line":7,"column":51}},"6":{"start":{"line":10,"column":25},"end":{"line":10,"column":65}},"7":{"start":{"line":11,"column":24},"end":{"line":11,"column":63}},"8":{"start":{"line":12,"column":23},"end":{"line":12,"column":61}},"9":{"start":{"line":13,"column":27},"end":{"line":13,"column":55}},"10":{"start":{"line":14,"column":12},"end":{"line":14,"column":21}},"11":{"start":{"line":15,"column":23},"end":{"line":15,"column":61}},"12":{"start":{"line":16,"column":24},"end":{"line":16,"column":53}},"13":{"start":{"line":17,"column":27},"end":{"line":17,"column":69}},"14":{"start":{"line":20,"column":22},"end":{"line":20,"column":49}},"15":{"start":{"line":23,"column":0},"end":{"line":23,"column":23}},"16":{"start":{"line":24,"column":0},"end":{"line":24,"column":48}},"17":{"start":{"line":25,"column":0},"end":{"line":25,"column":24}},"18":{"start":{"line":26,"column":0},"end":{"line":26,"column":16}},"19":{"start":{"line":27,"column":0},"end":{"line":33,"column":4}},"20":{"start":{"line":36,"column":0},"end":{"line":36,"column":54}},"21":{"start":{"line":37,"column":0},"end":{"line":37,"column":51}},"22":{"start":{"line":38,"column":0},"end":{"line":38,"column":53}},"23":{"start":{"line":39,"column":0},"end":{"line":39,"column":44}},"24":{"start":{"line":42,"column":0},"end":{"line":42,"column":73}},"25":{"start":{"line":43,"column":0},"end":{"line":43,"column":76}},"26":{"start":{"line":44,"column":0},"end":{"line":44,"column":87}},"27":{"start":{"line":47,"column":0},"end":{"line":47,"column":39}},"28":{"start":{"line":50,"column":23},"end":{"line":50,"column":60}},"29":{"start":{"line":51,"column":0},"end":{"line":51,"column":40}},"30":{"start":{"line":54,"column":0},"end":{"line":56,"column":3}},"31":{"start":{"line":55,"column":4},"end":{"line":55,"column":58}},"32":{"start":{"line":59,"column":0},"end":{"line":59,"column":65}},"33":{"start":{"line":62,"column":0},"end":{"line":62,"column":85}},"34":{"start":{"line":63,"column":0},"end":{"line":63,"column":85}},"35":{"start":{"line":64,"column":0},"end":{"line":64,"column":93}},"36":{"start":{"line":67,"column":0},"end":{"line":67,"column":21}}},"fnMap":{"0":{"name":"(anonymous_0)","decl":{"start":{"line":54,"column":14},"end":{"line":54,"column":15}},"loc":{"start":{"line":54,"column":28},"end":{"line":56,"column":1}},"line":54}},"branchMap":{},"s":{"0":1,"1":1,"2":1,"3":1,"4":1,"5":1,"6":1,"7":1,"8":1,"9":1,"10":1,"11":1,"12":1,"13":1,"14":1,"15":1,"16":1,"17":1,"18":1,"19":1,"20":1,"21":1,"22":1,"23":1,"24":1,"25":1,"26":1,"27":1,"28":1,"29":1,"30":1,"31":0,"32":1,"33":1,"34":1,"35":1,"36":1},"f":{"0":0},"b":{},"_coverageSchema":"1a1c01bbd47fc00a2c39e90264f33305004495a9","hash":"06b3bc583d08fd01794f4d0b98eaffbf394015d0"}
,"C:\\Users\\Nishant\\CS482-Project\\Server.js": {"path":"C:\\Users\\Nishant\\CS482-Project\\Server.js","statementMap":{"0":{"start":{"line":1,"column":0},"end":{"line":1,"column":27}},"1":{"start":{"line":3,"column":14},"end":{"line":3,"column":45}},"2":{"start":{"line":5,"column":12},"end":{"line":5,"column":28}},"3":{"start":{"line":11,"column":13},"end":{"line":11,"column":45}},"4":{"start":{"line":12,"column":13},"end":{"line":12,"column":48}},"5":{"start":{"line":15,"column":18},"end":{"line":15,"column":94}},"6":{"start":{"line":17,"column":0},"end":{"line":28,"column":5}},"7":{"start":{"line":18,"column":4},"end":{"line":27,"column":5}},"8":{"start":{"line":19,"column":8},"end":{"line":19,"column":39}},"9":{"start":{"line":21,"column":8},"end":{"line":23,"column":11}},"10":{"start":{"line":22,"column":12},"end":{"line":22,"column":64}},"11":{"start":{"line":25,"column":8},"end":{"line":25,"column":67}},"12":{"start":{"line":26,"column":8},"end":{"line":26,"column":24}},"13":{"start":{"line":31,"column":0},"end":{"line":31,"column":101}},"14":{"start":{"line":31,"column":35},"end":{"line":31,"column":97}},"15":{"start":{"line":31,"column":41},"end":{"line":31,"column":66}},"16":{"start":{"line":31,"column":79},"end":{"line":31,"column":95}},"17":{"start":{"line":32,"column":0},"end":{"line":32,"column":102}},"18":{"start":{"line":32,"column":36},"end":{"line":32,"column":98}},"19":{"start":{"line":32,"column":42},"end":{"line":32,"column":67}},"20":{"start":{"line":32,"column":80},"end":{"line":32,"column":96}},"21":{"start":{"line":34,"column":0},"end":{"line":34,"column":21}}},"fnMap":{"0":{"name":"(anonymous_0)","decl":{"start":{"line":17,"column":1},"end":{"line":17,"column":2}},"loc":{"start":{"line":17,"column":13},"end":{"line":28,"column":1}},"line":17},"1":{"name":"(anonymous_1)","decl":{"start":{"line":21,"column":31},"end":{"line":21,"column":32}},"loc":{"start":{"line":21,"column":37},"end":{"line":23,"column":9}},"line":21},"2":{"name":"(anonymous_2)","decl":{"start":{"line":31,"column":21},"end":{"line":31,"column":22}},"loc":{"start":{"line":31,"column":33},"end":{"line":31,"column":99}},"line":31},"3":{"name":"(anonymous_3)","decl":{"start":{"line":32,"column":22},"end":{"line":32,"column":23}},"loc":{"start":{"line":32,"column":34},"end":{"line":32,"column":100}},"line":32}},"branchMap":{"0":{"loc":{"start":{"line":11,"column":20},"end":{"line":11,"column":44}},"type":"binary-expr","locations":[{"start":{"line":11,"column":20},"end":{"line":11,"column":36}},{"start":{"line":11,"column":40},"end":{"line":11,"column":44}}],"line":11},"1":{"loc":{"start":{"line":12,"column":13},"end":{"line":12,"column":48}},"type":"binary-expr","locations":[{"start":{"line":12,"column":13},"end":{"line":12,"column":33}},{"start":{"line":12,"column":37},"end":{"line":12,"column":48}}],"line":12},"2":{"loc":{"start":{"line":15,"column":18},"end":{"line":15,"column":94}},"type":"binary-expr","locations":[{"start":{"line":15,"column":18},"end":{"line":15,"column":39}},{"start":{"line":15,"column":44},"end":{"line":15,"column":93}}],"line":15},"3":{"loc":{"start":{"line":15,"column":44},"end":{"line":15,"column":93}},"type":"cond-expr","locations":[{"start":{"line":15,"column":78},"end":{"line":15,"column":84}},{"start":{"line":15,"column":87},"end":{"line":15,"column":93}}],"line":15},"4":{"loc":{"start":{"line":25,"column":46},"end":{"line":25,"column":65}},"type":"binary-expr","locations":[{"start":{"line":25,"column":46},"end":{"line":25,"column":58}},{"start":{"line":25,"column":62},"end":{"line":25,"column":65}}],"line":25}},"s":{"0":1,"1":1,"2":1,"3":1,"4":1,"5":1,"6":1,"7":1,"8":1,"9":1,"10":1,"11":0,"12":0,"13":1,"14":0,"15":0,"16":0,"17":1,"18":0,"19":0,"20":0,"21":1},"f":{"0":1,"1":1,"2":0,"3":0},"b":{"0":[1,0],"1":[1,0],"2":[1,0],"3":[0,0],"4":[0,0]},"_coverageSchema":"1a1c01bbd47fc00a2c39e90264f33305004495a9","hash":"e6e1f53d4f0c7765d8c2a103a6366d078fd37fcb"}
,"C:\\Users\\Nishant\\CS482-Project\\controller\\ChildrenController.js": {"path":"C:\\Users\\Nishant\\CS482-Project\\controller\\ChildrenController.js","statementMap":{"0":{"start":{"line":2,"column":17},"end":{"line":2,"column":36}},"1":{"start":{"line":3,"column":14},"end":{"line":3,"column":39}},"2":{"start":{"line":4,"column":14},"end":{"line":4,"column":39}},"3":{"start":{"line":5,"column":23},"end":{"line":5,"column":57}},"4":{"start":{"line":7,"column":0},"end":{"line":35,"column":2}},"5":{"start":{"line":8,"column":4},"end":{"line":34,"column":5}},"6":{"start":{"line":9,"column":8},"end":{"line":9,"column":92}},"7":{"start":{"line":9,"column":33},"end":{"line":9,"column":92}},"8":{"start":{"line":11,"column":22},"end":{"line":11,"column":80}},"9":{"start":{"line":12,"column":8},"end":{"line":12,"column":54}},"10":{"start":{"line":12,"column":20},"end":{"line":12,"column":54}},"11":{"start":{"line":14,"column":22},"end":{"line":28,"column":10}},"12":{"start":{"line":30,"column":8},"end":{"line":30,"column":45}},"13":{"start":{"line":32,"column":8},"end":{"line":32,"column":44}},"14":{"start":{"line":33,"column":8},"end":{"line":33,"column":66}},"15":{"start":{"line":37,"column":0},"end":{"line":79,"column":2}},"16":{"start":{"line":38,"column":4},"end":{"line":78,"column":5}},"17":{"start":{"line":39,"column":8},"end":{"line":39,"column":92}},"18":{"start":{"line":39,"column":33},"end":{"line":39,"column":92}},"19":{"start":{"line":41,"column":71},"end":{"line":41,"column":85}},"20":{"start":{"line":42,"column":8},"end":{"line":44,"column":9}},"21":{"start":{"line":43,"column":12},"end":{"line":43,"column":104}},"22":{"start":{"line":46,"column":22},"end":{"line":46,"column":73}},"23":{"start":{"line":47,"column":8},"end":{"line":49,"column":9}},"24":{"start":{"line":48,"column":12},"end":{"line":48,"column":97}},"25":{"start":{"line":51,"column":22},"end":{"line":55,"column":10}},"26":{"start":{"line":57,"column":8},"end":{"line":62,"column":11}},"27":{"start":{"line":64,"column":8},"end":{"line":74,"column":11}},"28":{"start":{"line":76,"column":8},"end":{"line":76,"column":46}},"29":{"start":{"line":77,"column":8},"end":{"line":77,"column":66}},"30":{"start":{"line":81,"column":0},"end":{"line":102,"column":2}},"31":{"start":{"line":82,"column":4},"end":{"line":101,"column":5}},"32":{"start":{"line":83,"column":8},"end":{"line":83,"column":92}},"33":{"start":{"line":83,"column":33},"end":{"line":83,"column":92}},"34":{"start":{"line":85,"column":28},"end":{"line":85,"column":38}},"35":{"start":{"line":86,"column":8},"end":{"line":86,"column":83}},"36":{"start":{"line":86,"column":22},"end":{"line":86,"column":83}},"37":{"start":{"line":88,"column":22},"end":{"line":88,"column":80}},"38":{"start":{"line":89,"column":8},"end":{"line":89,"column":81}},"39":{"start":{"line":89,"column":20},"end":{"line":89,"column":81}},"40":{"start":{"line":92,"column":23},"end":{"line":92,"column":124}},"41":{"start":{"line":93,"column":8},"end":{"line":95,"column":9}},"42":{"start":{"line":94,"column":12},"end":{"line":94,"column":72}},"43":{"start":{"line":97,"column":8},"end":{"line":97,"column":56}},"44":{"start":{"line":99,"column":8},"end":{"line":99,"column":46}},"45":{"start":{"line":100,"column":8},"end":{"line":100,"column":66}}},"fnMap":{"0":{"name":"(anonymous_0)","decl":{"start":{"line":7,"column":19},"end":{"line":7,"column":20}},"loc":{"start":{"line":7,"column":39},"end":{"line":35,"column":1}},"line":7},"1":{"name":"(anonymous_1)","decl":{"start":{"line":37,"column":21},"end":{"line":37,"column":22}},"loc":{"start":{"line":37,"column":41},"end":{"line":79,"column":1}},"line":37},"2":{"name":"(anonymous_2)","decl":{"start":{"line":81,"column":21},"end":{"line":81,"column":22}},"loc":{"start":{"line":81,"column":41},"end":{"line":102,"column":1}},"line":81}},"branchMap":{"0":{"loc":{"start":{"line":9,"column":8},"end":{"line":9,"column":92}},"type":"if","locations":[{"start":{"line":9,"column":8},"end":{"line":9,"column":92}},{"start":{},"end":{}}],"line":9},"1":{"loc":{"start":{"line":12,"column":8},"end":{"line":12,"column":54}},"type":"if","locations":[{"start":{"line":12,"column":8},"end":{"line":12,"column":54}},{"start":{},"end":{}}],"line":12},"2":{"loc":{"start":{"line":39,"column":8},"end":{"line":39,"column":92}},"type":"if","locations":[{"start":{"line":39,"column":8},"end":{"line":39,"column":92}},{"start":{},"end":{}}],"line":39},"3":{"loc":{"start":{"line":41,"column":71},"end":{"line":41,"column":85}},"type":"binary-expr","locations":[{"start":{"line":41,"column":71},"end":{"line":41,"column":79}},{"start":{"line":41,"column":83},"end":{"line":41,"column":85}}],"line":41},"4":{"loc":{"start":{"line":42,"column":8},"end":{"line":44,"column":9}},"type":"if","locations":[{"start":{"line":42,"column":8},"end":{"line":44,"column":9}},{"start":{},"end":{}}],"line":42},"5":{"loc":{"start":{"line":42,"column":12},"end":{"line":42,"column":48}},"type":"binary-expr","locations":[{"start":{"line":42,"column":12},"end":{"line":42,"column":21}},{"start":{"line":42,"column":25},"end":{"line":42,"column":35}},{"start":{"line":42,"column":39},"end":{"line":42,"column":48}}],"line":42},"6":{"loc":{"start":{"line":47,"column":8},"end":{"line":49,"column":9}},"type":"if","locations":[{"start":{"line":47,"column":8},"end":{"line":49,"column":9}},{"start":{},"end":{}}],"line":47},"7":{"loc":{"start":{"line":54,"column":23},"end":{"line":54,"column":37}},"type":"binary-expr","locations":[{"start":{"line":54,"column":23},"end":{"line":54,"column":31}},{"start":{"line":54,"column":35},"end":{"line":54,"column":37}}],"line":54},"8":{"loc":{"start":{"line":83,"column":8},"end":{"line":83,"column":92}},"type":"if","locations":[{"start":{"line":83,"column":8},"end":{"line":83,"column":92}},{"start":{},"end":{}}],"line":83},"9":{"loc":{"start":{"line":86,"column":8},"end":{"line":86,"column":83}},"type":"if","locations":[{"start":{"line":86,"column":8},"end":{"line":86,"column":83}},{"start":{},"end":{}}],"line":86},"10":{"loc":{"start":{"line":89,"column":8},"end":{"line":89,"column":81}},"type":"if","locations":[{"start":{"line":89,"column":8},"end":{"line":89,"column":81}},{"start":{},"end":{}}],"line":89},"11":{"loc":{"start":{"line":93,"column":8},"end":{"line":95,"column":9}},"type":"if","locations":[{"start":{"line":93,"column":8},"end":{"line":95,"column":9}},{"start":{},"end":{}}],"line":93}},"s":{"0":1,"1":1,"2":1,"3":1,"4":1,"5":0,"6":0,"7":0,"8":0,"9":0,"10":0,"11":0,"12":0,"13":0,"14":0,"15":1,"16":0,"17":0,"18":0,"19":0,"20":0,"21":0,"22":0,"23":0,"24":0,"25":0,"26":0,"27":0,"28":0,"29":0,"30":1,"31":0,"32":0,"33":0,"34":0,"35":0,"36":0,"37":0,"38":0,"39":0,"40":0,"41":0,"42":0,"43":0,"44":0,"45":0},"f":{"0":0,"1":0,"2":0},"b":{"0":[0,0],"1":[0,0],"2":[0,0],"3":[0,0],"4":[0,0],"5":[0,0,0],"6":[0,0],"7":[0,0],"8":[0,0],"9":[0,0],"10":[0,0],"11":[0,0]},"_coverageSchema":"1a1c01bbd47fc00a2c39e90264f33305004495a9","hash":"84358bca562e4e6268e34f9fe4e467a6eb98e3d8"}
,"C:\\Users\\Nishant\\CS482-Project\\controller\\LoginController.js": {"path":"C:\\Users\\Nishant\\CS482-Project\\controller\\LoginController.js","statementMap":{"0":{"start":{"line":2,"column":15},"end":{"line":2,"column":32}},"1":{"start":{"line":3,"column":17},"end":{"line":3,"column":36}},"2":{"start":{"line":4,"column":13},"end":{"line":4,"column":37}},"3":{"start":{"line":5,"column":13},"end":{"line":5,"column":37}},"4":{"start":{"line":6,"column":17},"end":{"line":6,"column":45}},"5":{"start":{"line":8,"column":0},"end":{"line":54,"column":2}},"6":{"start":{"line":9,"column":4},"end":{"line":53,"column":5}},"7":{"start":{"line":10,"column":34},"end":{"line":10,"column":48}},"8":{"start":{"line":11,"column":8},"end":{"line":11,"column":51}},"9":{"start":{"line":13,"column":8},"end":{"line":15,"column":9}},"10":{"start":{"line":14,"column":12},"end":{"line":14,"column":85}},"11":{"start":{"line":17,"column":21},"end":{"line":17,"column":57}},"12":{"start":{"line":18,"column":8},"end":{"line":18,"column":84}},"13":{"start":{"line":18,"column":19},"end":{"line":18,"column":84}},"14":{"start":{"line":20,"column":19},"end":{"line":20,"column":68}},"15":{"start":{"line":21,"column":8},"end":{"line":21,"column":82}},"16":{"start":{"line":21,"column":17},"end":{"line":21,"column":82}},"17":{"start":{"line":24,"column":25},"end":{"line":29,"column":10}},"18":{"start":{"line":31,"column":22},"end":{"line":31,"column":47}},"19":{"start":{"line":31,"column":40},"end":{"line":31,"column":46}},"20":{"start":{"line":32,"column":24},"end":{"line":32,"column":47}},"21":{"start":{"line":35,"column":8},"end":{"line":35,"column":46}},"22":{"start":{"line":36,"column":8},"end":{"line":36,"column":38}},"23":{"start":{"line":38,"column":8},"end":{"line":49,"column":11}},"24":{"start":{"line":51,"column":8},"end":{"line":51,"column":43}},"25":{"start":{"line":52,"column":8},"end":{"line":52,"column":66}},"26":{"start":{"line":56,"column":0},"end":{"line":61,"column":2}},"27":{"start":{"line":57,"column":4},"end":{"line":60,"column":7}},"28":{"start":{"line":58,"column":8},"end":{"line":58,"column":39}},"29":{"start":{"line":59,"column":8},"end":{"line":59,"column":45}},"30":{"start":{"line":63,"column":0},"end":{"line":92,"column":2}},"31":{"start":{"line":64,"column":4},"end":{"line":91,"column":5}},"32":{"start":{"line":65,"column":8},"end":{"line":65,"column":92}},"33":{"start":{"line":65,"column":33},"end":{"line":65,"column":92}},"34":{"start":{"line":67,"column":23},"end":{"line":67,"column":70}},"35":{"start":{"line":68,"column":21},"end":{"line":68,"column":55}},"36":{"start":{"line":69,"column":8},"end":{"line":69,"column":79}},"37":{"start":{"line":69,"column":19},"end":{"line":69,"column":79}},"38":{"start":{"line":72,"column":25},"end":{"line":77,"column":10}},"39":{"start":{"line":79,"column":8},"end":{"line":87,"column":11}},"40":{"start":{"line":86,"column":37},"end":{"line":86,"column":43}},"41":{"start":{"line":89,"column":8},"end":{"line":89,"column":40}},"42":{"start":{"line":90,"column":8},"end":{"line":90,"column":66}}},"fnMap":{"0":{"name":"(anonymous_0)","decl":{"start":{"line":8,"column":16},"end":{"line":8,"column":17}},"loc":{"start":{"line":8,"column":36},"end":{"line":54,"column":1}},"line":8},"1":{"name":"(anonymous_1)","decl":{"start":{"line":31,"column":35},"end":{"line":31,"column":36}},"loc":{"start":{"line":31,"column":40},"end":{"line":31,"column":46}},"line":31},"2":{"name":"(anonymous_2)","decl":{"start":{"line":56,"column":17},"end":{"line":56,"column":18}},"loc":{"start":{"line":56,"column":31},"end":{"line":61,"column":1}},"line":56},"3":{"name":"(anonymous_3)","decl":{"start":{"line":57,"column":24},"end":{"line":57,"column":25}},"loc":{"start":{"line":57,"column":30},"end":{"line":60,"column":5}},"line":57},"4":{"name":"(anonymous_4)","decl":{"start":{"line":63,"column":13},"end":{"line":63,"column":14}},"loc":{"start":{"line":63,"column":33},"end":{"line":92,"column":1}},"line":63},"5":{"name":"(anonymous_5)","decl":{"start":{"line":86,"column":32},"end":{"line":86,"column":33}},"loc":{"start":{"line":86,"column":37},"end":{"line":86,"column":43}},"line":86}},"branchMap":{"0":{"loc":{"start":{"line":10,"column":34},"end":{"line":10,"column":48}},"type":"binary-expr","locations":[{"start":{"line":10,"column":34},"end":{"line":10,"column":42}},{"start":{"line":10,"column":46},"end":{"line":10,"column":48}}],"line":10},"1":{"loc":{"start":{"line":11,"column":17},"end":{"line":11,"column":28}},"type":"binary-expr","locations":[{"start":{"line":11,"column":17},"end":{"line":11,"column":22}},{"start":{"line":11,"column":26},"end":{"line":11,"column":28}}],"line":11},"2":{"loc":{"start":{"line":13,"column":8},"end":{"line":15,"column":9}},"type":"if","locations":[{"start":{"line":13,"column":8},"end":{"line":15,"column":9}},{"start":{},"end":{}}],"line":13},"3":{"loc":{"start":{"line":13,"column":12},"end":{"line":13,"column":31}},"type":"binary-expr","locations":[{"start":{"line":13,"column":12},"end":{"line":13,"column":18}},{"start":{"line":13,"column":22},"end":{"line":13,"column":31}}],"line":13},"4":{"loc":{"start":{"line":18,"column":8},"end":{"line":18,"column":84}},"type":"if","locations":[{"start":{"line":18,"column":8},"end":{"line":18,"column":84}},{"start":{},"end":{}}],"line":18},"5":{"loc":{"start":{"line":21,"column":8},"end":{"line":21,"column":82}},"type":"if","locations":[{"start":{"line":21,"column":8},"end":{"line":21,"column":82}},{"start":{},"end":{}}],"line":21},"6":{"loc":{"start":{"line":65,"column":8},"end":{"line":65,"column":92}},"type":"if","locations":[{"start":{"line":65,"column":8},"end":{"line":65,"column":92}},{"start":{},"end":{}}],"line":65},"7":{"loc":{"start":{"line":69,"column":8},"end":{"line":69,"column":79}},"type":"if","locations":[{"start":{"line":69,"column":8},"end":{"line":69,"column":79}},{"start":{},"end":{}}],"line":69}},"s":{"0":1,"1":1,"2":1,"3":1,"4":1,"5":1,"6":0,"7":0,"8":0,"9":0,"10":0,"11":0,"12":0,"13":0,"14":0,"15":0,"16":0,"17":0,"18":0,"19":0,"20":0,"21":0,"22":0,"23":0,"24":0,"25":0,"26":1,"27":0,"28":0,"29":0,"30":1,"31":0,"32":0,"33":0,"34":0,"35":0,"36":0,"37":0,"38":0,"39":0,"40":0,"41":0,"42":0},"f":{"0":0,"1":0,"2":0,"3":0,"4":0,"5":0},"b":{"0":[0,0],"1":[0,0],"2":[0,0],"3":[0,0],"4":[0,0],"5":[0,0],"6":[0,0],"7":[0,0]},"_coverageSchema":"1a1c01bbd47fc00a2c39e90264f33305004495a9","hash":"c603c11a3111e54c654132681de9a89eb66e75d1"}
,"C:\\Users\\Nishant\\CS482-Project\\controller\\RoleController.js": {"path":"C:\\Users\\Nishant\\CS482-Project\\controller\\RoleController.js","statementMap":{"0":{"start":{"line":2,"column":17},"end":{"line":2,"column":36}},"1":{"start":{"line":3,"column":13},"end":{"line":3,"column":37}},"2":{"start":{"line":4,"column":13},"end":{"line":4,"column":37}},"3":{"start":{"line":5,"column":17},"end":{"line":5,"column":45}},"4":{"start":{"line":7,"column":0},"end":{"line":31,"column":2}},"5":{"start":{"line":8,"column":4},"end":{"line":30,"column":5}},"6":{"start":{"line":9,"column":37},"end":{"line":9,"column":51}},"7":{"start":{"line":10,"column":8},"end":{"line":12,"column":9}},"8":{"start":{"line":11,"column":12},"end":{"line":11,"column":90}},"9":{"start":{"line":14,"column":21},"end":{"line":14,"column":55}},"10":{"start":{"line":15,"column":8},"end":{"line":15,"column":79}},"11":{"start":{"line":15,"column":19},"end":{"line":15,"column":79}},"12":{"start":{"line":17,"column":21},"end":{"line":17,"column":80}},"13":{"start":{"line":18,"column":8},"end":{"line":18,"column":79}},"14":{"start":{"line":18,"column":19},"end":{"line":18,"column":79}},"15":{"start":{"line":20,"column":8},"end":{"line":24,"column":10}},"16":{"start":{"line":26,"column":8},"end":{"line":26,"column":69}},"17":{"start":{"line":28,"column":8},"end":{"line":28,"column":46}},"18":{"start":{"line":29,"column":8},"end":{"line":29,"column":66}},"19":{"start":{"line":33,"column":0},"end":{"line":52,"column":2}},"20":{"start":{"line":34,"column":4},"end":{"line":51,"column":5}},"21":{"start":{"line":35,"column":37},"end":{"line":35,"column":51}},"22":{"start":{"line":36,"column":8},"end":{"line":38,"column":9}},"23":{"start":{"line":37,"column":12},"end":{"line":37,"column":90}},"24":{"start":{"line":40,"column":21},"end":{"line":40,"column":80}},"25":{"start":{"line":41,"column":8},"end":{"line":41,"column":79}},"26":{"start":{"line":41,"column":19},"end":{"line":41,"column":79}},"27":{"start":{"line":43,"column":23},"end":{"line":43,"column":77}},"28":{"start":{"line":44,"column":8},"end":{"line":46,"column":9}},"29":{"start":{"line":45,"column":12},"end":{"line":45,"column":85}},"30":{"start":{"line":47,"column":8},"end":{"line":47,"column":68}},"31":{"start":{"line":49,"column":8},"end":{"line":49,"column":46}},"32":{"start":{"line":50,"column":8},"end":{"line":50,"column":66}},"33":{"start":{"line":54,"column":0},"end":{"line":71,"column":2}},"34":{"start":{"line":55,"column":4},"end":{"line":70,"column":5}},"35":{"start":{"line":56,"column":23},"end":{"line":56,"column":40}},"36":{"start":{"line":57,"column":8},"end":{"line":57,"column":82}},"37":{"start":{"line":57,"column":21},"end":{"line":57,"column":82}},"38":{"start":{"line":59,"column":22},"end":{"line":64,"column":10}},"39":{"start":{"line":66,"column":8},"end":{"line":66,"column":35}},"40":{"start":{"line":68,"column":8},"end":{"line":68,"column":49}},"41":{"start":{"line":69,"column":8},"end":{"line":69,"column":66}}},"fnMap":{"0":{"name":"(anonymous_0)","decl":{"start":{"line":7,"column":21},"end":{"line":7,"column":22}},"loc":{"start":{"line":7,"column":41},"end":{"line":31,"column":1}},"line":7},"1":{"name":"(anonymous_1)","decl":{"start":{"line":33,"column":21},"end":{"line":33,"column":22}},"loc":{"start":{"line":33,"column":41},"end":{"line":52,"column":1}},"line":33},"2":{"name":"(anonymous_2)","decl":{"start":{"line":54,"column":24},"end":{"line":54,"column":25}},"loc":{"start":{"line":54,"column":44},"end":{"line":71,"column":1}},"line":54}},"branchMap":{"0":{"loc":{"start":{"line":9,"column":37},"end":{"line":9,"column":51}},"type":"binary-expr","locations":[{"start":{"line":9,"column":37},"end":{"line":9,"column":45}},{"start":{"line":9,"column":49},"end":{"line":9,"column":51}}],"line":9},"1":{"loc":{"start":{"line":10,"column":8},"end":{"line":12,"column":9}},"type":"if","locations":[{"start":{"line":10,"column":8},"end":{"line":12,"column":9}},{"start":{},"end":{}}],"line":10},"2":{"loc":{"start":{"line":10,"column":12},"end":{"line":10,"column":32}},"type":"binary-expr","locations":[{"start":{"line":10,"column":12},"end":{"line":10,"column":19}},{"start":{"line":10,"column":23},"end":{"line":10,"column":32}}],"line":10},"3":{"loc":{"start":{"line":15,"column":8},"end":{"line":15,"column":79}},"type":"if","locations":[{"start":{"line":15,"column":8},"end":{"line":15,"column":79}},{"start":{},"end":{}}],"line":15},"4":{"loc":{"start":{"line":18,"column":8},"end":{"line":18,"column":79}},"type":"if","locations":[{"start":{"line":18,"column":8},"end":{"line":18,"column":79}},{"start":{},"end":{}}],"line":18},"5":{"loc":{"start":{"line":35,"column":37},"end":{"line":35,"column":51}},"type":"binary-expr","locations":[{"start":{"line":35,"column":37},"end":{"line":35,"column":45}},{"start":{"line":35,"column":49},"end":{"line":35,"column":51}}],"line":35},"6":{"loc":{"start":{"line":36,"column":8},"end":{"line":38,"column":9}},"type":"if","locations":[{"start":{"line":36,"column":8},"end":{"line":38,"column":9}},{"start":{},"end":{}}],"line":36},"7":{"loc":{"start":{"line":36,"column":12},"end":{"line":36,"column":32}},"type":"binary-expr","locations":[{"start":{"line":36,"column":12},"end":{"line":36,"column":19}},{"start":{"line":36,"column":23},"end":{"line":36,"column":32}}],"line":36},"8":{"loc":{"start":{"line":41,"column":8},"end":{"line":41,"column":79}},"type":"if","locations":[{"start":{"line":41,"column":8},"end":{"line":41,"column":79}},{"start":{},"end":{}}],"line":41},"9":{"loc":{"start":{"line":44,"column":8},"end":{"line":46,"column":9}},"type":"if","locations":[{"start":{"line":44,"column":8},"end":{"line":46,"column":9}},{"start":{},"end":{}}],"line":44},"10":{"loc":{"start":{"line":57,"column":8},"end":{"line":57,"column":82}},"type":"if","locations":[{"start":{"line":57,"column":8},"end":{"line":57,"column":82}},{"start":{},"end":{}}],"line":57}},"s":{"0":1,"1":1,"2":1,"3":1,"4":1,"5":0,"6":0,"7":0,"8":0,"9":0,"10":0,"11":0,"12":0,"13":0,"14":0,"15":0,"16":0,"17":0,"18":0,"19":1,"20":0,"21":0,"22":0,"23":0,"24":0,"25":0,"26":0,"27":0,"28":0,"29":0,"30":0,"31":0,"32":0,"33":1,"34":0,"35":0,"36":0,"37":0,"38":0,"39":0,"40":0,"41":0},"f":{"0":0,"1":0,"2":0},"b":{"0":[0,0],"1":[0,0],"2":[0,0],"3":[0,0],"4":[0,0],"5":[0,0],"6":[0,0],"7":[0,0],"8":[0,0],"9":[0,0],"10":[0,0]},"_coverageSchema":"1a1c01bbd47fc00a2c39e90264f33305004495a9","hash":"1f8681acd1eb7951a8e10b84c1aab973f819868a"}
,"C:\\Users\\Nishant\\CS482-Project\\controller\\SignupController.js": {"path":"C:\\Users\\Nishant\\CS482-Project\\controller\\SignupController.js","statementMap":{"0":{"start":{"line":2,"column":15},"end":{"line":2,"column":32}},"1":{"start":{"line":3,"column":13},"end":{"line":3,"column":37}},"2":{"start":{"line":4,"column":13},"end":{"line":4,"column":37}},"3":{"start":{"line":5,"column":17},"end":{"line":5,"column":45}},"4":{"start":{"line":6,"column":14},"end":{"line":6,"column":39}},"5":{"start":{"line":8,"column":19},"end":{"line":8,"column":47}},"6":{"start":{"line":9,"column":17},"end":{"line":9,"column":59}},"7":{"start":{"line":11,"column":0},"end":{"line":120,"column":2}},"8":{"start":{"line":12,"column":4},"end":{"line":119,"column":5}},"9":{"start":{"line":22,"column":12},"end":{"line":22,"column":26}},"10":{"start":{"line":25,"column":8},"end":{"line":25,"column":51}},"11":{"start":{"line":26,"column":8},"end":{"line":26,"column":43}},"12":{"start":{"line":27,"column":8},"end":{"line":27,"column":37}},"13":{"start":{"line":28,"column":8},"end":{"line":28,"column":67}},"14":{"start":{"line":31,"column":8},"end":{"line":33,"column":9}},"15":{"start":{"line":32,"column":12},"end":{"line":32,"column":100}},"16":{"start":{"line":34,"column":8},"end":{"line":36,"column":9}},"17":{"start":{"line":35,"column":12},"end":{"line":35,"column":92}},"18":{"start":{"line":37,"column":8},"end":{"line":39,"column":9}},"19":{"start":{"line":38,"column":12},"end":{"line":38,"column":96}},"20":{"start":{"line":40,"column":8},"end":{"line":42,"column":9}},"21":{"start":{"line":41,"column":12},"end":{"line":41,"column":78}},"22":{"start":{"line":45,"column":8},"end":{"line":57,"column":9}},"23":{"start":{"line":46,"column":12},"end":{"line":48,"column":13}},"24":{"start":{"line":47,"column":16},"end":{"line":47,"column":125}},"25":{"start":{"line":49,"column":31},"end":{"line":49,"column":69}},"26":{"start":{"line":50,"column":12},"end":{"line":52,"column":13}},"27":{"start":{"line":51,"column":16},"end":{"line":51,"column":106}},"28":{"start":{"line":53,"column":12},"end":{"line":55,"column":13}},"29":{"start":{"line":54,"column":16},"end":{"line":54,"column":96}},"30":{"start":{"line":56,"column":12},"end":{"line":56,"column":35}},"31":{"start":{"line":60,"column":25},"end":{"line":60,"column":61}},"32":{"start":{"line":61,"column":8},"end":{"line":61,"column":109}},"33":{"start":{"line":61,"column":22},"end":{"line":61,"column":109}},"34":{"start":{"line":64,"column":29},"end":{"line":64,"column":60}},"35":{"start":{"line":65,"column":24},"end":{"line":65,"column":83}},"36":{"start":{"line":68,"column":25},"end":{"line":72,"column":16}},"37":{"start":{"line":74,"column":8},"end":{"line":78,"column":10}},"38":{"start":{"line":81,"column":8},"end":{"line":108,"column":9}},"39":{"start":{"line":82,"column":30},"end":{"line":86,"column":20}},"40":{"start":{"line":88,"column":12},"end":{"line":92,"column":14}},"41":{"start":{"line":94,"column":12},"end":{"line":107,"column":14}},"42":{"start":{"line":110,"column":8},"end":{"line":110,"column":80}},"43":{"start":{"line":112,"column":8},"end":{"line":115,"column":11}},"44":{"start":{"line":117,"column":8},"end":{"line":117,"column":46}},"45":{"start":{"line":118,"column":8},"end":{"line":118,"column":76}}},"fnMap":{"0":{"name":"(anonymous_0)","decl":{"start":{"line":11,"column":17},"end":{"line":11,"column":18}},"loc":{"start":{"line":11,"column":37},"end":{"line":120,"column":1}},"line":11}},"branchMap":{"0":{"loc":{"start":{"line":22,"column":12},"end":{"line":22,"column":26}},"type":"binary-expr","locations":[{"start":{"line":22,"column":12},"end":{"line":22,"column":20}},{"start":{"line":22,"column":24},"end":{"line":22,"column":26}}],"line":22},"1":{"loc":{"start":{"line":25,"column":17},"end":{"line":25,"column":28}},"type":"binary-expr","locations":[{"start":{"line":25,"column":17},"end":{"line":25,"column":22}},{"start":{"line":25,"column":26},"end":{"line":25,"column":28}}],"line":25},"2":{"loc":{"start":{"line":26,"column":20},"end":{"line":26,"column":34}},"type":"binary-expr","locations":[{"start":{"line":26,"column":20},"end":{"line":26,"column":28}},{"start":{"line":26,"column":32},"end":{"line":26,"column":34}}],"line":26},"3":{"loc":{"start":{"line":27,"column":17},"end":{"line":27,"column":28}},"type":"binary-expr","locations":[{"start":{"line":27,"column":17},"end":{"line":27,"column":22}},{"start":{"line":27,"column":26},"end":{"line":27,"column":28}}],"line":27},"4":{"loc":{"start":{"line":28,"column":23},"end":{"line":28,"column":44}},"type":"binary-expr","locations":[{"start":{"line":28,"column":23},"end":{"line":28,"column":34}},{"start":{"line":28,"column":38},"end":{"line":28,"column":44}}],"line":28},"5":{"loc":{"start":{"line":31,"column":8},"end":{"line":33,"column":9}},"type":"if","locations":[{"start":{"line":31,"column":8},"end":{"line":33,"column":9}},{"start":{},"end":{}}],"line":31},"6":{"loc":{"start":{"line":31,"column":12},"end":{"line":31,"column":44}},"type":"binary-expr","locations":[{"start":{"line":31,"column":12},"end":{"line":31,"column":18}},{"start":{"line":31,"column":22},"end":{"line":31,"column":31}},{"start":{"line":31,"column":35},"end":{"line":31,"column":44}}],"line":31},"7":{"loc":{"start":{"line":34,"column":8},"end":{"line":36,"column":9}},"type":"if","locations":[{"start":{"line":34,"column":8},"end":{"line":36,"column":9}},{"start":{},"end":{}}],"line":34},"8":{"loc":{"start":{"line":37,"column":8},"end":{"line":39,"column":9}},"type":"if","locations":[{"start":{"line":37,"column":8},"end":{"line":39,"column":9}},{"start":{},"end":{}}],"line":37},"9":{"loc":{"start":{"line":40,"column":8},"end":{"line":42,"column":9}},"type":"if","locations":[{"start":{"line":40,"column":8},"end":{"line":42,"column":9}},{"start":{},"end":{}}],"line":40},"10":{"loc":{"start":{"line":40,"column":12},"end":{"line":40,"column":61}},"type":"binary-expr","locations":[{"start":{"line":40,"column":12},"end":{"line":40,"column":34}},{"start":{"line":40,"column":38},"end":{"line":40,"column":61}}],"line":40},"11":{"loc":{"start":{"line":45,"column":8},"end":{"line":57,"column":9}},"type":"if","locations":[{"start":{"line":45,"column":8},"end":{"line":57,"column":9}},{"start":{},"end":{}}],"line":45},"12":{"loc":{"start":{"line":46,"column":12},"end":{"line":48,"column":13}},"type":"if","locations":[{"start":{"line":46,"column":12},"end":{"line":48,"column":13}},{"start":{},"end":{}}],"line":46},"13":{"loc":{"start":{"line":46,"column":16},"end":{"line":46,"column":53}},"type":"binary-expr","locations":[{"start":{"line":46,"column":16},"end":{"line":46,"column":24}},{"start":{"line":46,"column":28},"end":{"line":46,"column":38}},{"start":{"line":46,"column":42},"end":{"line":46,"column":53}}],"line":46},"14":{"loc":{"start":{"line":49,"column":32},"end":{"line":49,"column":47}},"type":"binary-expr","locations":[{"start":{"line":49,"column":32},"end":{"line":49,"column":41}},{"start":{"line":49,"column":45},"end":{"line":49,"column":47}}],"line":49},"15":{"loc":{"start":{"line":50,"column":12},"end":{"line":52,"column":13}},"type":"if","locations":[{"start":{"line":50,"column":12},"end":{"line":52,"column":13}},{"start":{},"end":{}}],"line":50},"16":{"loc":{"start":{"line":53,"column":12},"end":{"line":55,"column":13}},"type":"if","locations":[{"start":{"line":53,"column":12},"end":{"line":55,"column":13}},{"start":{},"end":{}}],"line":53},"17":{"loc":{"start":{"line":61,"column":8},"end":{"line":61,"column":109}},"type":"if","locations":[{"start":{"line":61,"column":8},"end":{"line":61,"column":109}},{"start":{},"end":{}}],"line":61},"18":{"loc":{"start":{"line":81,"column":8},"end":{"line":108,"column":9}},"type":"if","locations":[{"start":{"line":81,"column":8},"end":{"line":108,"column":9}},{"start":{},"end":{}}],"line":81}},"s":{"0":1,"1":1,"2":1,"3":1,"4":1,"5":1,"6":1,"7":1,"8":0,"9":0,"10":0,"11":0,"12":0,"13":0,"14":0,"15":0,"16":0,"17":0,"18":0,"19":0,"20":0,"21":0,"22":0,"23":0,"24":0,"25":0,"26":0,"27":0,"28":0,"29":0,"30":0,"31":0,"32":0,"33":0,"34":0,"35":0,"36":0,"37":0,"38":0,"39":0,"40":0,"41":0,"42":0,"43":0,"44":0,"45":0},"f":{"0":0},"b":{"0":[0,0],"1":[0,0],"2":[0,0],"3":[0,0],"4":[0,0],"5":[0,0],"6":[0,0,0],"7":[0,0],"8":[0,0],"9":[0,0],"10":[0,0],"11":[0,0],"12":[0,0],"13":[0,0,0],"14":[0,0],"15":[0,0],"16":[0,0],"17":[0,0],"18":[0,0]},"_coverageSchema":"1a1c01bbd47fc00a2c39e90264f33305004495a9","hash":"9cc6edc956a93d96e2213c73676b2faad2bd22b4"}
,"C:\\Users\\Nishant\\CS482-Project\\controller\\UserController.js": {"path":"C:\\Users\\Nishant\\CS482-Project\\controller\\UserController.js","statementMap":{"0":{"start":{"line":2,"column":15},"end":{"line":2,"column":32}},"1":{"start":{"line":3,"column":13},"end":{"line":3,"column":37}},"2":{"start":{"line":5,"column":0},"end":{"line":40,"column":2}},"3":{"start":{"line":6,"column":4},"end":{"line":39,"column":5}},"4":{"start":{"line":7,"column":8},"end":{"line":7,"column":92}},"5":{"start":{"line":7,"column":33},"end":{"line":7,"column":92}},"6":{"start":{"line":9,"column":49},"end":{"line":9,"column":63}},"7":{"start":{"line":10,"column":23},"end":{"line":10,"column":25}},"8":{"start":{"line":12,"column":8},"end":{"line":12,"column":95}},"9":{"start":{"line":12,"column":61},"end":{"line":12,"column":95}},"10":{"start":{"line":13,"column":8},"end":{"line":13,"column":67}},"11":{"start":{"line":13,"column":39},"end":{"line":13,"column":67}},"12":{"start":{"line":15,"column":8},"end":{"line":20,"column":9}},"13":{"start":{"line":16,"column":12},"end":{"line":18,"column":13}},"14":{"start":{"line":17,"column":16},"end":{"line":17,"column":104}},"15":{"start":{"line":19,"column":12},"end":{"line":19,"column":69}},"16":{"start":{"line":22,"column":21},"end":{"line":22,"column":99}},"17":{"start":{"line":23,"column":8},"end":{"line":23,"column":79}},"18":{"start":{"line":23,"column":19},"end":{"line":23,"column":79}},"19":{"start":{"line":25,"column":8},"end":{"line":35,"column":11}},"20":{"start":{"line":37,"column":8},"end":{"line":37,"column":46}},"21":{"start":{"line":38,"column":8},"end":{"line":38,"column":66}}},"fnMap":{"0":{"name":"(anonymous_0)","decl":{"start":{"line":5,"column":19},"end":{"line":5,"column":20}},"loc":{"start":{"line":5,"column":39},"end":{"line":40,"column":1}},"line":5}},"branchMap":{"0":{"loc":{"start":{"line":7,"column":8},"end":{"line":7,"column":92}},"type":"if","locations":[{"start":{"line":7,"column":8},"end":{"line":7,"column":92}},{"start":{},"end":{}}],"line":7},"1":{"loc":{"start":{"line":9,"column":49},"end":{"line":9,"column":63}},"type":"binary-expr","locations":[{"start":{"line":9,"column":49},"end":{"line":9,"column":57}},{"start":{"line":9,"column":61},"end":{"line":9,"column":63}}],"line":9},"2":{"loc":{"start":{"line":12,"column":8},"end":{"line":12,"column":95}},"type":"if","locations":[{"start":{"line":12,"column":8},"end":{"line":12,"column":95}},{"start":{},"end":{}}],"line":12},"3":{"loc":{"start":{"line":12,"column":12},"end":{"line":12,"column":59}},"type":"binary-expr","locations":[{"start":{"line":12,"column":12},"end":{"line":12,"column":40}},{"start":{"line":12,"column":44},"end":{"line":12,"column":59}}],"line":12},"4":{"loc":{"start":{"line":13,"column":8},"end":{"line":13,"column":67}},"type":"if","locations":[{"start":{"line":13,"column":8},"end":{"line":13,"column":67}},{"start":{},"end":{}}],"line":13},"5":{"loc":{"start":{"line":15,"column":8},"end":{"line":20,"column":9}},"type":"if","locations":[{"start":{"line":15,"column":8},"end":{"line":20,"column":9}},{"start":{},"end":{}}],"line":15},"6":{"loc":{"start":{"line":15,"column":12},"end":{"line":15,"column":69}},"type":"binary-expr","locations":[{"start":{"line":15,"column":12},"end":{"line":15,"column":43}},{"start":{"line":15,"column":47},"end":{"line":15,"column":69}}],"line":15},"7":{"loc":{"start":{"line":16,"column":12},"end":{"line":18,"column":13}},"type":"if","locations":[{"start":{"line":16,"column":12},"end":{"line":18,"column":13}},{"start":{},"end":{}}],"line":16},"8":{"loc":{"start":{"line":23,"column":8},"end":{"line":23,"column":79}},"type":"if","locations":[{"start":{"line":23,"column":8},"end":{"line":23,"column":79}},{"start":{},"end":{}}],"line":23}},"s":{"0":1,"1":1,"2":1,"3":0,"4":0,"5":0,"6":0,"7":0,"8":0,"9":0,"10":0,"11":0,"12":0,"13":0,"14":0,"15":0,"16":0,"17":0,"18":0,"19":0,"20":0,"21":0},"f":{"0":0},"b":{"0":[0,0],"1":[0,0],"2":[0,0],"3":[0,0],"4":[0,0],"5":[0,0],"6":[0,0],"7":[0,0],"8":[0,0]},"_coverageSchema":"1a1c01bbd47fc00a2c39e90264f33305004495a9","hash":"05da45bc04d56b199b61ef20420926972d6507ca"}
,"C:\\Users\\Nishant\\CS482-Project\\middleware\\auth.js": {"path":"C:\\Users\\Nishant\\CS482-Project\\middleware\\auth.js","statementMap":{"0":{"start":{"line":2,"column":0},"end":{"line":5,"column":2}},"1":{"start":{"line":3,"column":4},"end":{"line":3,"column":88}},"2":{"start":{"line":3,"column":29},"end":{"line":3,"column":88}},"3":{"start":{"line":4,"column":4},"end":{"line":4,"column":11}}},"fnMap":{"0":{"name":"(anonymous_0)","decl":{"start":{"line":2,"column":25},"end":{"line":2,"column":26}},"loc":{"start":{"line":2,"column":45},"end":{"line":5,"column":1}},"line":2}},"branchMap":{"0":{"loc":{"start":{"line":3,"column":4},"end":{"line":3,"column":88}},"type":"if","locations":[{"start":{"line":3,"column":4},"end":{"line":3,"column":88}},{"start":{},"end":{}}],"line":3}},"s":{"0":1,"1":0,"2":0,"3":0},"f":{"0":0},"b":{"0":[0,0]},"_coverageSchema":"1a1c01bbd47fc00a2c39e90264f33305004495a9","hash":"1afeeacf4c77e114f3ce71e128e8e40aee8df649"}
,"C:\\Users\\Nishant\\CS482-Project\\middleware\\roles.js": {"path":"C:\\Users\\Nishant\\CS482-Project\\middleware\\roles.js","statementMap":{"0":{"start":{"line":2,"column":17},"end":{"line":2,"column":36}},"1":{"start":{"line":3,"column":17},"end":{"line":3,"column":45}},"2":{"start":{"line":4,"column":13},"end":{"line":4,"column":37}},"3":{"start":{"line":6,"column":0},"end":{"line":27,"column":2}},"4":{"start":{"line":7,"column":4},"end":{"line":26,"column":6}},"5":{"start":{"line":8,"column":8},"end":{"line":25,"column":9}},"6":{"start":{"line":9,"column":12},"end":{"line":9,"column":97}},"7":{"start":{"line":9,"column":38},"end":{"line":9,"column":97}},"8":{"start":{"line":11,"column":25},"end":{"line":11,"column":84}},"9":{"start":{"line":12,"column":12},"end":{"line":12,"column":102}},"10":{"start":{"line":12,"column":23},"end":{"line":12,"column":102}},"11":{"start":{"line":14,"column":24},"end":{"line":17,"column":21}},"12":{"start":{"line":19,"column":12},"end":{"line":19,"column":77}},"13":{"start":{"line":19,"column":22},"end":{"line":19,"column":77}},"14":{"start":{"line":21,"column":12},"end":{"line":21,"column":19}},"15":{"start":{"line":23,"column":12},"end":{"line":23,"column":51}},"16":{"start":{"line":24,"column":12},"end":{"line":24,"column":70}}},"fnMap":{"0":{"name":"(anonymous_0)","decl":{"start":{"line":6,"column":22},"end":{"line":6,"column":23}},"loc":{"start":{"line":6,"column":36},"end":{"line":27,"column":1}},"line":6},"1":{"name":"(anonymous_1)","decl":{"start":{"line":7,"column":11},"end":{"line":7,"column":12}},"loc":{"start":{"line":7,"column":37},"end":{"line":26,"column":5}},"line":7}},"branchMap":{"0":{"loc":{"start":{"line":9,"column":12},"end":{"line":9,"column":97}},"type":"if","locations":[{"start":{"line":9,"column":12},"end":{"line":9,"column":97}},{"start":{},"end":{}}],"line":9},"1":{"loc":{"start":{"line":12,"column":12},"end":{"line":12,"column":102}},"type":"if","locations":[{"start":{"line":12,"column":12},"end":{"line":12,"column":102}},{"start":{},"end":{}}],"line":12},"2":{"loc":{"start":{"line":19,"column":12},"end":{"line":19,"column":77}},"type":"if","locations":[{"start":{"line":19,"column":12},"end":{"line":19,"column":77}},{"start":{},"end":{}}],"line":19}},"s":{"0":1,"1":1,"2":1,"3":1,"4":0,"5":0,"6":0,"7":0,"8":0,"9":0,"10":0,"11":0,"12":0,"13":0,"14":0,"15":0,"16":0},"f":{"0":0,"1":0},"b":{"0":[0,0],"1":[0,0],"2":[0,0]},"_coverageSchema":"1a1c01bbd47fc00a2c39e90264f33305004495a9","hash":"33f414c78b9f1dc29a2b379932315cfefe6c5200"}
,"C:\\Users\\Nishant\\CS482-Project\\model\\Adult.js": {"path":"C:\\Users\\Nishant\\CS482-Project\\model\\Adult.js","statementMap":{"0":{"start":{"line":2,"column":17},"end":{"line":2,"column":36}},"1":{"start":{"line":4,"column":20},"end":{"line":11,"column":24}},"2":{"start":{"line":13,"column":0},"end":{"line":13,"column":51}},"3":{"start":{"line":15,"column":0},"end":{"line":15,"column":79}}},"fnMap":{},"branchMap":{"0":{"loc":{"start":{"line":15,"column":17},"end":{"line":15,"column":78}},"type":"binary-expr","locations":[{"start":{"line":15,"column":17},"end":{"line":15,"column":38}},{"start":{"line":15,"column":42},"end":{"line":15,"column":78}}],"line":15}},"s":{"0":1,"1":1,"2":1,"3":1},"f":{},"b":{"0":[1,1]},"_coverageSchema":"1a1c01bbd47fc00a2c39e90264f33305004495a9","hash":"cd5513f8a5a6746f29968acd8f442b77c111fb81"}
,"C:\\Users\\Nishant\\CS482-Project\\model\\AdultChildLink.js": {"path":"C:\\Users\\Nishant\\CS482-Project\\model\\AdultChildLink.js","statementMap":{"0":{"start":{"line":2,"column":17},"end":{"line":2,"column":36}},"1":{"start":{"line":4,"column":19},"end":{"line":10,"column":24}},"2":{"start":{"line":12,"column":0},"end":{"line":12,"column":63}},"3":{"start":{"line":14,"column":0},"end":{"line":14,"column":96}}},"fnMap":{},"branchMap":{"0":{"loc":{"start":{"line":14,"column":17},"end":{"line":14,"column":95}},"type":"binary-expr","locations":[{"start":{"line":14,"column":17},"end":{"line":14,"column":47}},{"start":{"line":14,"column":51},"end":{"line":14,"column":95}}],"line":14}},"s":{"0":1,"1":1,"2":1,"3":1},"f":{},"b":{"0":[1,1]},"_coverageSchema":"1a1c01bbd47fc00a2c39e90264f33305004495a9","hash":"06f2f15bfc2ba2922a4c978361945e2976482d63"}
,"C:\\Users\\Nishant\\CS482-Project\\model\\Child.js": {"path":"C:\\Users\\Nishant\\CS482-Project\\model\\Child.js","statementMap":{"0":{"start":{"line":2,"column":17},"end":{"line":2,"column":36}},"1":{"start":{"line":4,"column":20},"end":{"line":8,"column":24}},"2":{"start":{"line":10,"column":0},"end":{"line":10,"column":79}}},"fnMap":{},"branchMap":{"0":{"loc":{"start":{"line":10,"column":17},"end":{"line":10,"column":78}},"type":"binary-expr","locations":[{"start":{"line":10,"column":17},"end":{"line":10,"column":38}},{"start":{"line":10,"column":42},"end":{"line":10,"column":78}}],"line":10}},"s":{"0":1,"1":1,"2":1},"f":{},"b":{"0":[1,1]},"_coverageSchema":"1a1c01bbd47fc00a2c39e90264f33305004495a9","hash":"b2ad48f44819f4fd880f49de017df8be20558b7f"}
,"C:\\Users\\Nishant\\CS482-Project\\model\\DBConnection.js": {"path":"C:\\Users\\Nishant\\CS482-Project\\model\\DBConnection.js","statementMap":{"0":{"start":{"line":1,"column":0},"end":{"line":1,"column":27}},"1":{"start":{"line":2,"column":17},"end":{"line":2,"column":36}},"2":{"start":{"line":5,"column":4},"end":{"line":5,"column":72}},"3":{"start":{"line":5,"column":26},"end":{"line":5,"column":72}},"4":{"start":{"line":6,"column":4},"end":{"line":6,"column":54}},"5":{"start":{"line":9,"column":0},"end":{"line":44,"column":2}},"6":{"start":{"line":10,"column":17},"end":{"line":10,"column":36}},"7":{"start":{"line":11,"column":17},"end":{"line":11,"column":36}},"8":{"start":{"line":12,"column":20},"end":{"line":12,"column":45}},"9":{"start":{"line":13,"column":17},"end":{"line":13,"column":44}},"10":{"start":{"line":14,"column":15},"end":{"line":14,"column":32}},"11":{"start":{"line":16,"column":4},"end":{"line":18,"column":5}},"12":{"start":{"line":17,"column":8},"end":{"line":17,"column":110}},"13":{"start":{"line":20,"column":20},"end":{"line":20,"column":78}},"14":{"start":{"line":21,"column":4},"end":{"line":21,"column":49}},"15":{"start":{"line":22,"column":4},"end":{"line":22,"column":49}},"16":{"start":{"line":23,"column":4},"end":{"line":23,"column":59}},"17":{"start":{"line":24,"column":4},"end":{"line":24,"column":59}},"18":{"start":{"line":25,"column":4},"end":{"line":25,"column":71}},"19":{"start":{"line":28,"column":16},"end":{"line":28,"column":108}},"20":{"start":{"line":30,"column":4},"end":{"line":39,"column":5}},"21":{"start":{"line":31,"column":8},"end":{"line":34,"column":11}},"22":{"start":{"line":35,"column":8},"end":{"line":35,"column":59}},"23":{"start":{"line":37,"column":8},"end":{"line":37,"column":62}},"24":{"start":{"line":38,"column":8},"end":{"line":38,"column":16}},"25":{"start":{"line":42,"column":4},"end":{"line":42,"column":77}},"26":{"start":{"line":42,"column":43},"end":{"line":42,"column":75}},"27":{"start":{"line":43,"column":4},"end":{"line":43,"column":88}},"28":{"start":{"line":43,"column":49},"end":{"line":43,"column":86}},"29":{"start":{"line":46,"column":0},"end":{"line":49,"column":2}},"30":{"start":{"line":47,"column":4},"end":{"line":47,"column":38}},"31":{"start":{"line":48,"column":4},"end":{"line":48,"column":43}}},"fnMap":{"0":{"name":"pickDbName","decl":{"start":{"line":4,"column":9},"end":{"line":4,"column":19}},"loc":{"start":{"line":4,"column":27},"end":{"line":7,"column":1}},"line":4},"1":{"name":"(anonymous_1)","decl":{"start":{"line":9,"column":18},"end":{"line":9,"column":19}},"loc":{"start":{"line":9,"column":41},"end":{"line":44,"column":1}},"line":9},"2":{"name":"(anonymous_2)","decl":{"start":{"line":42,"column":36},"end":{"line":42,"column":37}},"loc":{"start":{"line":42,"column":43},"end":{"line":42,"column":75}},"line":42},"3":{"name":"(anonymous_3)","decl":{"start":{"line":43,"column":43},"end":{"line":43,"column":44}},"loc":{"start":{"line":43,"column":49},"end":{"line":43,"column":86}},"line":43},"4":{"name":"(anonymous_4)","decl":{"start":{"line":46,"column":21},"end":{"line":46,"column":22}},"loc":{"start":{"line":46,"column":39},"end":{"line":49,"column":1}},"line":46}},"branchMap":{"0":{"loc":{"start":{"line":5,"column":4},"end":{"line":5,"column":72}},"type":"if","locations":[{"start":{"line":5,"column":4},"end":{"line":5,"column":72}},{"start":{},"end":{}}],"line":5},"1":{"loc":{"start":{"line":5,"column":33},"end":{"line":5,"column":71}},"type":"binary-expr","locations":[{"start":{"line":5,"column":33},"end":{"line":5,"column":57}},{"start":{"line":5,"column":61},"end":{"line":5,"column":71}}],"line":5},"2":{"loc":{"start":{"line":6,"column":11},"end":{"line":6,"column":53}},"type":"binary-expr","locations":[{"start":{"line":6,"column":11},"end":{"line":6,"column":35}},{"start":{"line":6,"column":39},"end":{"line":6,"column":53}}],"line":6},"3":{"loc":{"start":{"line":12,"column":20},"end":{"line":12,"column":45}},"type":"binary-expr","locations":[{"start":{"line":12,"column":20},"end":{"line":12,"column":39}},{"start":{"line":12,"column":43},"end":{"line":12,"column":45}}],"line":12},"4":{"loc":{"start":{"line":16,"column":4},"end":{"line":18,"column":5}},"type":"if","locations":[{"start":{"line":16,"column":4},"end":{"line":18,"column":5}},{"start":{},"end":{}}],"line":16},"5":{"loc":{"start":{"line":16,"column":8},"end":{"line":16,"column":34}},"type":"binary-expr","locations":[{"start":{"line":16,"column":8},"end":{"line":16,"column":13}},{"start":{"line":16,"column":17},"end":{"line":16,"column":22}},{"start":{"line":16,"column":26},"end":{"line":16,"column":34}}],"line":16},"6":{"loc":{"start":{"line":20,"column":39},"end":{"line":20,"column":77}},"type":"binary-expr","locations":[{"start":{"line":20,"column":39},"end":{"line":20,"column":59}},{"start":{"line":20,"column":63},"end":{"line":20,"column":77}}],"line":20},"7":{"loc":{"start":{"line":25,"column":36},"end":{"line":25,"column":61}},"type":"binary-expr","locations":[{"start":{"line":25,"column":36},"end":{"line":25,"column":55}},{"start":{"line":25,"column":59},"end":{"line":25,"column":61}}],"line":25}},"s":{"0":1,"1":1,"2":1,"3":1,"4":0,"5":1,"6":1,"7":1,"8":1,"9":1,"10":1,"11":1,"12":0,"13":1,"14":1,"15":1,"16":1,"17":1,"18":1,"19":1,"20":1,"21":1,"22":1,"23":0,"24":0,"25":1,"26":0,"27":1,"28":1,"29":1,"30":0,"31":0},"f":{"0":1,"1":1,"2":0,"3":1,"4":0},"b":{"0":[1,0],"1":[1,0],"2":[0,0],"3":[1,0],"4":[0,1],"5":[1,1,1],"6":[1,0],"7":[1,0]},"_coverageSchema":"1a1c01bbd47fc00a2c39e90264f33305004495a9","hash":"baac052108e05eef2bd7ea07929ec0be9de07b7b"}
,"C:\\Users\\Nishant\\CS482-Project\\model\\Role.js": {"path":"C:\\Users\\Nishant\\CS482-Project\\model\\Role.js","statementMap":{"0":{"start":{"line":2,"column":17},"end":{"line":2,"column":36}},"1":{"start":{"line":4,"column":19},"end":{"line":7,"column":24}},"2":{"start":{"line":9,"column":0},"end":{"line":9,"column":48}},"3":{"start":{"line":11,"column":0},"end":{"line":11,"column":76}}},"fnMap":{},"branchMap":{"0":{"loc":{"start":{"line":11,"column":17},"end":{"line":11,"column":75}},"type":"binary-expr","locations":[{"start":{"line":11,"column":17},"end":{"line":11,"column":37}},{"start":{"line":11,"column":41},"end":{"line":11,"column":75}}],"line":11}},"s":{"0":1,"1":1,"2":1,"3":1},"f":{},"b":{"0":[1,1]},"_coverageSchema":"1a1c01bbd47fc00a2c39e90264f33305004495a9","hash":"c14104a1f8519007b04b280e260361849218a216"}
,"C:\\Users\\Nishant\\CS482-Project\\model\\User.js": {"path":"C:\\Users\\Nishant\\CS482-Project\\model\\User.js","statementMap":{"0":{"start":{"line":2,"column":17},"end":{"line":2,"column":36}},"1":{"start":{"line":4,"column":19},"end":{"line":33,"column":2}},"2":{"start":{"line":35,"column":0},"end":{"line":35,"column":76}}},"fnMap":{},"branchMap":{"0":{"loc":{"start":{"line":35,"column":17},"end":{"line":35,"column":75}},"type":"binary-expr","locations":[{"start":{"line":35,"column":17},"end":{"line":35,"column":37}},{"start":{"line":35,"column":41},"end":{"line":35,"column":75}}],"line":35}},"s":{"0":1,"1":1,"2":1},"f":{},"b":{"0":[1,1]},"_coverageSchema":"1a1c01bbd47fc00a2c39e90264f33305004495a9","hash":"b5d599e816d98194622b55e9556f455c1067d3e1"}
,"C:\\Users\\Nishant\\CS482-Project\\model\\UserRole.js": {"path":"C:\\Users\\Nishant\\CS482-Project\\model\\UserRole.js","statementMap":{"0":{"start":{"line":2,"column":17},"end":{"line":2,"column":36}},"1":{"start":{"line":4,"column":23},"end":{"line":7,"column":24}},"2":{"start":{"line":10,"column":0},"end":{"line":10,"column":65}},"3":{"start":{"line":12,"column":0},"end":{"line":12,"column":88}}},"fnMap":{},"branchMap":{"0":{"loc":{"start":{"line":12,"column":17},"end":{"line":12,"column":87}},"type":"binary-expr","locations":[{"start":{"line":12,"column":17},"end":{"line":12,"column":41}},{"start":{"line":12,"column":45},"end":{"line":12,"column":87}}],"line":12}},"s":{"0":1,"1":1,"2":1,"3":1},"f":{},"b":{"0":[1,1]},"_coverageSchema":"1a1c01bbd47fc00a2c39e90264f33305004495a9","hash":"a8d873a317ac30f58fd611e6521969a1e7fe998a"}
,"C:\\Users\\Nishant\\CS482-Project\\model\\contact.js": {"path":"C:\\Users\\Nishant\\CS482-Project\\model\\contact.js","statementMap":{"0":{"start":{"line":5,"column":17},"end":{"line":5,"column":36}},"1":{"start":{"line":8,"column":22},"end":{"line":14,"column":2}},"2":{"start":{"line":17,"column":21},"end":{"line":17,"column":88}},"3":{"start":{"line":20,"column":0},"end":{"line":25,"column":1}},"4":{"start":{"line":22,"column":18},"end":{"line":22,"column":48}},"5":{"start":{"line":23,"column":4},"end":{"line":23,"column":25}},"6":{"start":{"line":24,"column":4},"end":{"line":24,"column":19}},"7":{"start":{"line":29,"column":0},"end":{"line":33,"column":1}},"8":{"start":{"line":32,"column":3},"end":{"line":32,"column":38}},"9":{"start":{"line":38,"column":0},"end":{"line":43,"column":1}},"10":{"start":{"line":42,"column":4},"end":{"line":42,"column":43}},"11":{"start":{"line":46,"column":0},"end":{"line":53,"column":1}},"12":{"start":{"line":47,"column":18},"end":{"line":51,"column":5}},"13":{"start":{"line":52,"column":4},"end":{"line":52,"column":19}},"14":{"start":{"line":57,"column":0},"end":{"line":60,"column":1}},"15":{"start":{"line":58,"column":18},"end":{"line":58,"column":58}},"16":{"start":{"line":59,"column":4},"end":{"line":59,"column":19}},"17":{"start":{"line":63,"column":0},"end":{"line":65,"column":1}},"18":{"start":{"line":64,"column":4},"end":{"line":64,"column":36}}},"fnMap":{"0":{"name":"(anonymous_0)","decl":{"start":{"line":20,"column":17},"end":{"line":20,"column":18}},"loc":{"start":{"line":20,"column":46},"end":{"line":25,"column":1}},"line":20},"1":{"name":"(anonymous_1)","decl":{"start":{"line":29,"column":18},"end":{"line":29,"column":19}},"loc":{"start":{"line":29,"column":34},"end":{"line":33,"column":1}},"line":29},"2":{"name":"(anonymous_2)","decl":{"start":{"line":38,"column":18},"end":{"line":38,"column":19}},"loc":{"start":{"line":38,"column":36},"end":{"line":43,"column":1}},"line":38},"3":{"name":"(anonymous_3)","decl":{"start":{"line":46,"column":17},"end":{"line":46,"column":18}},"loc":{"start":{"line":46,"column":48},"end":{"line":53,"column":1}},"line":46},"4":{"name":"(anonymous_4)","decl":{"start":{"line":57,"column":20},"end":{"line":57,"column":21}},"loc":{"start":{"line":57,"column":38},"end":{"line":60,"column":1}},"line":57},"5":{"name":"(anonymous_5)","decl":{"start":{"line":63,"column":20},"end":{"line":63,"column":21}},"loc":{"start":{"line":63,"column":36},"end":{"line":65,"column":1}},"line":63}},"branchMap":{"0":{"loc":{"start":{"line":17,"column":21},"end":{"line":17,"column":88}},"type":"binary-expr","locations":[{"start":{"line":17,"column":21},"end":{"line":17,"column":44}},{"start":{"line":17,"column":48},"end":{"line":17,"column":88}}],"line":17}},"s":{"0":1,"1":1,"2":1,"3":1,"4":8,"5":8,"6":7,"7":1,"8":1,"9":1,"10":2,"11":1,"12":1,"13":1,"14":1,"15":1,"16":1,"17":1,"18":11},"f":{"0":8,"1":1,"2":2,"3":1,"4":1,"5":11},"b":{"0":[1,1]},"_coverageSchema":"1a1c01bbd47fc00a2c39e90264f33305004495a9","hash":"e5f5cd0640c02911895985a9cd28d0ecfe015344"}
,"C:\\Users\\Nishant\\CS482-Project\\routes\\contact.js": {"path":"C:\\Users\\Nishant\\CS482-Project\\routes\\contact.js","statementMap":{"0":{"start":{"line":7,"column":16},"end":{"line":7,"column":34}},"1":{"start":{"line":8,"column":15},"end":{"line":8,"column":31}},"2":{"start":{"line":9,"column":21},"end":{"line":9,"column":51}},"3":{"start":{"line":12,"column":0},"end":{"line":38,"column":3}},"4":{"start":{"line":13,"column":4},"end":{"line":37,"column":5}},"5":{"start":{"line":14,"column":38},"end":{"line":14,"column":46}},"6":{"start":{"line":16,"column":8},"end":{"line":18,"column":9}},"7":{"start":{"line":17,"column":12},"end":{"line":17,"column":89}},"8":{"start":{"line":20,"column":27},"end":{"line":20,"column":55}},"9":{"start":{"line":21,"column":8},"end":{"line":23,"column":9}},"10":{"start":{"line":22,"column":12},"end":{"line":22,"column":73}},"11":{"start":{"line":25,"column":24},"end":{"line":25,"column":73}},"12":{"start":{"line":27,"column":8},"end":{"line":30,"column":11}},"13":{"start":{"line":32,"column":8},"end":{"line":34,"column":9}},"14":{"start":{"line":33,"column":12},"end":{"line":33,"column":76}},"15":{"start":{"line":35,"column":8},"end":{"line":35,"column":56}},"16":{"start":{"line":36,"column":8},"end":{"line":36,"column":54}},"17":{"start":{"line":41,"column":0},"end":{"line":49,"column":3}},"18":{"start":{"line":42,"column":4},"end":{"line":48,"column":5}},"19":{"start":{"line":43,"column":25},"end":{"line":43,"column":53}},"20":{"start":{"line":44,"column":8},"end":{"line":44,"column":39}},"21":{"start":{"line":46,"column":8},"end":{"line":46,"column":52}},"22":{"start":{"line":47,"column":8},"end":{"line":47,"column":54}},"23":{"start":{"line":52,"column":0},"end":{"line":65,"column":3}},"24":{"start":{"line":53,"column":4},"end":{"line":64,"column":5}},"25":{"start":{"line":54,"column":24},"end":{"line":54,"column":65}},"26":{"start":{"line":56,"column":8},"end":{"line":58,"column":9}},"27":{"start":{"line":57,"column":12},"end":{"line":57,"column":70}},"28":{"start":{"line":60,"column":8},"end":{"line":60,"column":38}},"29":{"start":{"line":62,"column":8},"end":{"line":62,"column":52}},"30":{"start":{"line":63,"column":8},"end":{"line":63,"column":54}},"31":{"start":{"line":68,"column":0},"end":{"line":91,"column":3}},"32":{"start":{"line":69,"column":4},"end":{"line":90,"column":5}},"33":{"start":{"line":70,"column":25},"end":{"line":70,"column":33}},"34":{"start":{"line":72,"column":8},"end":{"line":74,"column":9}},"35":{"start":{"line":73,"column":12},"end":{"line":73,"column":66}},"36":{"start":{"line":76,"column":24},"end":{"line":76,"column":74}},"37":{"start":{"line":78,"column":8},"end":{"line":80,"column":9}},"38":{"start":{"line":79,"column":12},"end":{"line":79,"column":70}},"39":{"start":{"line":82,"column":8},"end":{"line":85,"column":11}},"40":{"start":{"line":88,"column":8},"end":{"line":88,"column":53}},"41":{"start":{"line":89,"column":8},"end":{"line":89,"column":54}},"42":{"start":{"line":94,"column":0},"end":{"line":108,"column":3}},"43":{"start":{"line":95,"column":4},"end":{"line":107,"column":5}},"44":{"start":{"line":96,"column":24},"end":{"line":96,"column":67}},"45":{"start":{"line":98,"column":8},"end":{"line":100,"column":9}},"46":{"start":{"line":99,"column":12},"end":{"line":99,"column":70}},"47":{"start":{"line":102,"column":8},"end":{"line":102,"column":80}},"48":{"start":{"line":105,"column":8},"end":{"line":105,"column":53}},"49":{"start":{"line":106,"column":8},"end":{"line":106,"column":54}},"50":{"start":{"line":110,"column":0},"end":{"line":110,"column":24}}},"fnMap":{"0":{"name":"(anonymous_0)","decl":{"start":{"line":12,"column":17},"end":{"line":12,"column":18}},"loc":{"start":{"line":12,"column":36},"end":{"line":38,"column":1}},"line":12},"1":{"name":"(anonymous_1)","decl":{"start":{"line":41,"column":16},"end":{"line":41,"column":17}},"loc":{"start":{"line":41,"column":36},"end":{"line":49,"column":1}},"line":41},"2":{"name":"(anonymous_2)","decl":{"start":{"line":52,"column":19},"end":{"line":52,"column":20}},"loc":{"start":{"line":52,"column":39},"end":{"line":65,"column":1}},"line":52},"3":{"name":"(anonymous_3)","decl":{"start":{"line":68,"column":21},"end":{"line":68,"column":22}},"loc":{"start":{"line":68,"column":40},"end":{"line":91,"column":1}},"line":68},"4":{"name":"(anonymous_4)","decl":{"start":{"line":94,"column":22},"end":{"line":94,"column":23}},"loc":{"start":{"line":94,"column":39},"end":{"line":108,"column":1}},"line":94}},"branchMap":{"0":{"loc":{"start":{"line":16,"column":8},"end":{"line":18,"column":9}},"type":"if","locations":[{"start":{"line":16,"column":8},"end":{"line":18,"column":9}},{"start":{},"end":{}}],"line":16},"1":{"loc":{"start":{"line":16,"column":11},"end":{"line":16,"column":38}},"type":"binary-expr","locations":[{"start":{"line":16,"column":11},"end":{"line":16,"column":16}},{"start":{"line":16,"column":20},"end":{"line":16,"column":26}},{"start":{"line":16,"column":30},"end":{"line":16,"column":38}}],"line":16},"2":{"loc":{"start":{"line":21,"column":8},"end":{"line":23,"column":9}},"type":"if","locations":[{"start":{"line":21,"column":8},"end":{"line":23,"column":9}},{"start":{},"end":{}}],"line":21},"3":{"loc":{"start":{"line":32,"column":8},"end":{"line":34,"column":9}},"type":"if","locations":[{"start":{"line":32,"column":8},"end":{"line":34,"column":9}},{"start":{},"end":{}}],"line":32},"4":{"loc":{"start":{"line":56,"column":8},"end":{"line":58,"column":9}},"type":"if","locations":[{"start":{"line":56,"column":8},"end":{"line":58,"column":9}},{"start":{},"end":{}}],"line":56},"5":{"loc":{"start":{"line":72,"column":8},"end":{"line":74,"column":9}},"type":"if","locations":[{"start":{"line":72,"column":8},"end":{"line":74,"column":9}},{"start":{},"end":{}}],"line":72},"6":{"loc":{"start":{"line":78,"column":8},"end":{"line":80,"column":9}},"type":"if","locations":[{"start":{"line":78,"column":8},"end":{"line":80,"column":9}},{"start":{},"end":{}}],"line":78},"7":{"loc":{"start":{"line":98,"column":8},"end":{"line":100,"column":9}},"type":"if","locations":[{"start":{"line":98,"column":8},"end":{"line":100,"column":9}},{"start":{},"end":{}}],"line":98}},"s":{"0":1,"1":1,"2":1,"3":1,"4":8,"5":8,"6":8,"7":4,"8":4,"9":4,"10":1,"11":3,"12":2,"13":1,"14":1,"15":0,"16":0,"17":1,"18":1,"19":1,"20":1,"21":0,"22":0,"23":1,"24":1,"25":1,"26":1,"27":0,"28":1,"29":0,"30":0,"31":1,"32":1,"33":1,"34":1,"35":0,"36":1,"37":1,"38":0,"39":1,"40":0,"41":0,"42":1,"43":1,"44":1,"45":1,"46":0,"47":1,"48":0,"49":0,"50":1},"f":{"0":8,"1":1,"2":1,"3":1,"4":1},"b":{"0":[4,4],"1":[8,6,5],"2":[1,3],"3":[1,0],"4":[0,1],"5":[0,1],"6":[0,1],"7":[0,1]},"_coverageSchema":"1a1c01bbd47fc00a2c39e90264f33305004495a9","hash":"a7c7f688114bea3709795ba1512b05bbd041aeaf"}
}
